<?xml version="1.0" encoding="UTF-8"?>
<!-- Generated by org.testng.reporters.JUnitReportReporter -->
<testsuite hostname="Mylenovo" failures="0" tests="1" name="LUNA_SIGNup_TESTcases.TC_SignUp" time="5.801" errors="0" timestamp="2024-12-26T16:28:42 IST" skipped="0">
  <testcase classname="LUNA_SIGNup_TESTcases.TC_SignUp" name="sigNup" time="5.801"/>
  <system-out/>
</testsuite> <!-- LUNA_SIGNup_TESTcases.TC_SignUp -->
